Arguments: 
  /usr/local/Cellar/node/8.7.0/bin/node /usr/local/Cellar/yarn/1.2.1/libexec/bin/yarn.js

PATH: 
  /usr/local/bin:/usr/bin:/bin:/usr/sbin:/sbin:/Applications/Wireshark.app/Contents/MacOS

Yarn version: 
  1.2.1

Node version: 
  8.7.0

Platform: 
  darwin x64

npm manifest: 
  {
    "name": "tc-net3-server",
    "version": "0.0.0",
    "private": true,
    "scripts": {
      "start": "node ./bin/www"
    },
    "dependencies": {
      "body-parser": "~1.18.2",
      "cookie-parser": "~1.4.3",
      "debug": "~2.6.9",
      "express": "~4.15.5",
      "jade": "~1.11.0",
      "morgan": "~1.9.0",
      "node-sass-middleware": "0.9.8",
      "serve-favicon": "~2.4.5"
      "bcryptjs": "^2.1.0",
      "cors": "^2.8.1",
      "express-jwt": "^3.0.1",
      "jsonwebtoken": "^5.0.2",
      "lodash": "^3.10.0",
      "mongodb": "^2.1.16",
      "mongoskin": "^2.1.0",
      "q": "^1.4.1",
      "request": "^2.58.0",
      "rootpath": "^0.1.2"
    }
  }

yarn manifest: 
  No manifest

Lockfile: 
  No lockfile

Trace: 
  SyntaxError: /Users/borga/WebstormProjects/tc-net3-server/package.json: Unexpected string in JSON at position 369
      at JSON.parse (<anonymous>)
      at /usr/local/Cellar/yarn/1.2.1/libexec/lib/cli.js:770:59
      at Generator.next (<anonymous>)
      at step (/usr/local/Cellar/yarn/1.2.1/libexec/lib/cli.js:92:30)
      at /usr/local/Cellar/yarn/1.2.1/libexec/lib/cli.js:103:13
      at <anonymous>
